{"level":"info","message":"Server running in development mode on port http://localhost:5000","timestamp":"2023-05-07T15:05:46.978Z"}
{"level":"info","message":"Server running in development mode on port http://localhost:5000","timestamp":"2023-05-07T15:21:05.350Z"}
{"level":"info","message":"Server running in development mode on port http://localhost:5000","timestamp":"2023-05-07T15:21:54.977Z"}
{"level":"info","message":"Server running in development mode on port http://localhost:5000","timestamp":"2023-05-07T15:26:26.950Z"}
{"level":"info","message":"Server running in development mode on port http://localhost:5000","timestamp":"2023-05-07T15:32:12.233Z"}
{"level":"info","message":"Server running in development mode on port http://localhost:5000","timestamp":"2023-05-07T15:35:35.144Z"}
{"level":"info","message":"Server running in development mode on port http://localhost:5000","timestamp":"2023-05-07T15:35:41.104Z"}
{"level":"info","message":"Server running in development mode on port http://localhost:5000","timestamp":"2023-05-07T15:35:53.592Z"}
{"level":"info","message":"Server running in development mode on port http://localhost:5000","timestamp":"2023-05-07T15:35:56.608Z"}
{"level":"info","message":"Server running in development mode on port http://localhost:5000","timestamp":"2023-05-07T15:36:12.452Z"}
{"level":"info","message":"Server running in development mode on port http://localhost:5000","timestamp":"2023-05-07T15:37:12.807Z"}
{"level":"info","message":"Server running in development mode on port http://localhost:5000","timestamp":"2023-05-07T15:37:15.766Z"}
{"level":"info","message":"Server running in development mode on port http://localhost:5000","timestamp":"2023-05-07T15:37:41.188Z"}
{"level":"info","message":"Server running in development mode on port http://localhost:5000","timestamp":"2023-05-07T15:37:46.723Z"}
{"level":"info","message":"Server running in development mode on port http://localhost:5000","timestamp":"2023-05-07T15:38:09.461Z"}
{"level":"info","message":"Server running in development mode on port http://localhost:5000","timestamp":"2023-05-07T15:38:45.916Z"}
{"level":"info","message":"Server running in development mode on port http://localhost:5000","timestamp":"2023-05-07T15:38:51.314Z"}
{"level":"info","message":"Server running in development mode on port http://localhost:5000","timestamp":"2023-05-07T15:38:53.918Z"}
{"level":"info","message":"Server running in development mode on port http://localhost:5000","timestamp":"2023-05-07T15:39:56.363Z"}
{"level":"info","message":"Server running in development mode on port http://localhost:5000","timestamp":"2023-05-07T15:40:06.308Z"}
{"level":"info","message":"File downloaded: G:\\JavascriptProjects\\Website-downloader-WebApp\\public\\download/c3d6bc0f-9fcb-4115-99a1-7565b990ea9f/business-site-bb9671.webflow.io.zip","timestamp":"2023-05-07T15:40:22.025Z"}
{"level":"info","message":"Server running in development mode on port http://localhost:5000","timestamp":"2023-05-07T15:40:51.558Z"}
{"level":"info","message":"Server running in development mode on port http://localhost:5000","timestamp":"2023-05-07T15:59:11.669Z"}
{"level":"info","message":"Server running in development mode on port http://localhost:5000","timestamp":"2023-05-07T16:00:39.224Z"}
{"level":"info","message":"Server running in development mode on port http://localhost:5000","timestamp":"2023-05-07T16:00:53.097Z"}
{"level":"info","message":"Server running in development mode on port http://localhost:5000","timestamp":"2023-05-07T16:02:33.120Z"}
{"level":"info","message":"Server running in development mode on port http://localhost:5000","timestamp":"2023-05-07T16:02:51.156Z"}
{"level":"info","message":"Server running in development mode on port http://localhost:5000","timestamp":"2023-05-07T16:03:52.517Z"}
{"level":"info","message":"Server running in development mode on port http://localhost:5000","timestamp":"2023-05-07T16:08:29.434Z"}
{"level":"info","message":"Server running in development mode on port http://localhost:5000","timestamp":"2023-05-17T15:04:22.902Z"}
{"level":"info","message":"Server running in development mode on port http://localhost:5000","timestamp":"2023-05-17T15:08:16.451Z"}
{"level":"info","message":"Server running in development mode on port http://localhost:5000","timestamp":"2023-05-17T15:08:34.385Z"}
{"level":"info","message":"Server running in development mode on port http://localhost:5000","timestamp":"2023-05-17T15:10:08.139Z"}
{"level":"info","message":"Server running in development mode on port http://localhost:5000","timestamp":"2023-05-17T15:11:00.832Z"}
{"level":"info","message":"File downloaded: G:\\JavascriptProjects\\Website-downloader-WebApp\\public\\download/937371b0-9ab8-4571-bdfd-af18cf4b9346/business-site-bb9671.webflow.io.zip","timestamp":"2023-05-17T15:11:22.514Z"}
{"level":"info","message":"Server running in development mode on port http://localhost:5000","timestamp":"2023-05-17T15:33:02.795Z"}
{"level":"info","message":"Server running in development mode on port http://localhost:5000","timestamp":"2023-05-17T15:33:55.765Z"}
{"level":"info","message":"Server running in development mode on port http://localhost:5000","timestamp":"2023-05-19T17:43:03.717Z"}
{"level":"info","message":"Server running in development mode on port http://localhost:5000","timestamp":"2023-05-19T17:50:54.220Z"}
{"level":"info","message":"Server running in development mode on port http://localhost:5000","timestamp":"2023-05-19T17:51:24.140Z"}
{"level":"info","message":"Server running in development mode on port http://localhost:5000","timestamp":"2023-05-19T17:53:41.747Z"}
{"level":"info","message":"Server running in development mode on port http://localhost:5000","timestamp":"2023-05-19T17:55:57.214Z"}
{"level":"info","message":"Server running in production mode on port http://localhost:5000","timestamp":"2023-05-19T18:04:31.485Z"}
{"level":"info","message":"Server running in development mode on port http://localhost:5000","timestamp":"2023-05-19T18:06:23.085Z"}
{"level":"info","message":"File downloaded: G:\\JavascriptProjects\\Website-downloader-WebApp\\public\\download/489e41d7-fa77-4bcc-ab1a-f2b456a7b3c1/business-site-bb9671.webflow.io.zip","timestamp":"2023-05-19T18:10:32.764Z"}
{"level":"info","message":"Server running in development mode on port http://localhost:5000","timestamp":"2023-05-19T18:18:50.620Z"}
{"level":"info","message":"Server running in undefined mode on port http://localhost:5000","timestamp":"2023-05-19T18:19:08.453Z"}
{"level":"info","message":"Server running in production mode on port http://localhost:5000","timestamp":"2023-05-19T18:19:35.802Z"}
{"level":"info","message":"Server running in undefined mode on port http://localhost:5000","timestamp":"2023-05-19T18:24:07.394Z"}
{"level":"info","message":"Server running in production mode on port http://localhost:5000","timestamp":"2023-05-19T18:24:47.268Z"}
{"level":"info","message":"Server running in production mode on port http://localhost:5000","timestamp":"2023-05-19T18:32:27.584Z"}
{"level":"info","message":"Server running in production mode on port http://localhost:5000","timestamp":"2023-05-19T18:47:40.646Z"}
{"level":"info","message":"Server running in production mode on port http://localhost:5000","timestamp":"2023-05-19T18:51:33.502Z"}
{"level":"info","message":"Server running in production mode on port http://localhost:5000","timestamp":"2023-05-19T18:52:47.853Z"}
{"level":"info","message":"Server running in production mode on port http://localhost:5000","timestamp":"2023-05-19T18:55:54.886Z"}
{"level":"info","message":"Server running in production mode on port http://localhost:5000","timestamp":"2023-05-19T18:57:43.354Z"}
{"level":"info","message":"Server running in production mode on port http://localhost:5000","timestamp":"2023-05-19T19:02:15.788Z"}
{"level":"info","message":"Server running in production mode on port http://localhost:5000","timestamp":"2023-05-19T19:02:42.617Z"}
{"level":"info","message":"Server running in production mode on port http://localhost:5000","timestamp":"2023-05-19T19:05:29.640Z"}
{"level":"info","message":"Server running in production mode on port http://localhost:5000","timestamp":"2023-05-19T19:05:57.967Z"}
{"level":"info","message":"Server running in production mode on port http://localhost:5000","timestamp":"2023-05-19T19:06:26.276Z"}
{"level":"info","message":"Server running in production mode on port http://localhost:5000","timestamp":"2023-05-19T19:06:39.159Z"}
{"level":"info","message":"Server running in production mode on port http://localhost:5000","timestamp":"2023-05-19T19:08:08.692Z"}
{"level":"info","message":"Server running in production mode on port http://localhost:5000","timestamp":"2023-05-19T19:08:42.226Z"}
{"level":"info","message":"Server running in production mode on port http://localhost:5000","timestamp":"2023-05-19T19:08:56.168Z"}
{"level":"info","message":"File downloaded: G:\\JavascriptProjects\\Website-downloader-WebApp\\public\\download/c241ca59-01ca-4774-b600-153aa0e70ad8/business-site-bb9671.webflow.io.zip","timestamp":"2023-05-19T19:09:10.343Z"}
{"level":"info","message":"Server running in production mode on port http://localhost:5000","timestamp":"2023-05-19T19:10:35.668Z"}
